  main.c
c:\users\shaun\desktop\driver_detection_ver_1\driver_detection_ver_1\main.c(83): warning C4244: '함수': 'double'에서 'int'(으)로 변환하면서 데이터가 손실될 수 있습니다.
c:\users\shaun\desktop\driver_detection_ver_1\driver_detection_ver_1\main.c(88): warning C4244: '함수': 'double'에서 'int'(으)로 변환하면서 데이터가 손실될 수 있습니다.
c:\users\shaun\desktop\driver_detection_ver_1\driver_detection_ver_1\main.c(92): warning C4244: '함수': 'double'에서 'int'(으)로 변환하면서 데이터가 손실될 수 있습니다.
c:\users\shaun\desktop\driver_detection_ver_1\driver_detection_ver_1\main.c(95): warning C4244: '함수': 'double'에서 'int'(으)로 변환하면서 데이터가 손실될 수 있습니다.
c:\users\shaun\desktop\driver_detection_ver_1\driver_detection_ver_1\main.c(96): warning C4244: '함수': 'double'에서 'int'(으)로 변환하면서 데이터가 손실될 수 있습니다.
c:\users\shaun\desktop\driver_detection_ver_1\driver_detection_ver_1\main.c(97): warning C4244: '함수': 'double'에서 'int'(으)로 변환하면서 데이터가 손실될 수 있습니다.
c:\users\shaun\desktop\driver_detection_ver_1\driver_detection_ver_1\main.c(98): warning C4244: '함수': 'double'에서 'int'(으)로 변환하면서 데이터가 손실될 수 있습니다.
c:\users\shaun\desktop\driver_detection_ver_1\driver_detection_ver_1\main.c(99): warning C4244: '함수': 'double'에서 'int'(으)로 변환하면서 데이터가 손실될 수 있습니다.
c:\users\shaun\desktop\driver_detection_ver_1\driver_detection_ver_1\main.c(100): warning C4244: '함수': 'double'에서 'int'(으)로 변환하면서 데이터가 손실될 수 있습니다.
c:\users\shaun\desktop\driver_detection_ver_1\driver_detection_ver_1\main.c(102): warning C4244: '함수': 'double'에서 'int'(으)로 변환하면서 데이터가 손실될 수 있습니다.
c:\users\shaun\desktop\driver_detection_ver_1\driver_detection_ver_1\main.c(103): warning C4244: '함수': 'double'에서 'int'(으)로 변환하면서 데이터가 손실될 수 있습니다.
c:\users\shaun\desktop\driver_detection_ver_1\driver_detection_ver_1\main.c(104): warning C4244: '함수': 'double'에서 'int'(으)로 변환하면서 데이터가 손실될 수 있습니다.
c:\users\shaun\desktop\driver_detection_ver_1\driver_detection_ver_1\main.c(105): warning C4244: '함수': 'double'에서 'int'(으)로 변환하면서 데이터가 손실될 수 있습니다.
c:\users\shaun\desktop\driver_detection_ver_1\driver_detection_ver_1\main.c(106): warning C4244: '함수': 'double'에서 'int'(으)로 변환하면서 데이터가 손실될 수 있습니다.
c:\users\shaun\desktop\driver_detection_ver_1\driver_detection_ver_1\main.c(108): warning C4244: '함수': 'double'에서 'int'(으)로 변환하면서 데이터가 손실될 수 있습니다.
c:\users\shaun\desktop\driver_detection_ver_1\driver_detection_ver_1\main.c(109): warning C4244: '함수': 'double'에서 'int'(으)로 변환하면서 데이터가 손실될 수 있습니다.
c:\users\shaun\desktop\driver_detection_ver_1\driver_detection_ver_1\main.c(112): warning C4244: '함수': 'double'에서 'int'(으)로 변환하면서 데이터가 손실될 수 있습니다.
c:\users\shaun\desktop\driver_detection_ver_1\driver_detection_ver_1\main.c(113): warning C4244: '함수': 'double'에서 'int'(으)로 변환하면서 데이터가 손실될 수 있습니다.
c:\users\shaun\desktop\driver_detection_ver_1\driver_detection_ver_1\main.c(114): warning C4244: '함수': 'double'에서 'int'(으)로 변환하면서 데이터가 손실될 수 있습니다.
c:\users\shaun\desktop\driver_detection_ver_1\driver_detection_ver_1\main.c(115): warning C4244: '함수': 'double'에서 'int'(으)로 변환하면서 데이터가 손실될 수 있습니다.
c:\users\shaun\desktop\driver_detection_ver_1\driver_detection_ver_1\main.c(116): warning C4244: '함수': 'double'에서 'int'(으)로 변환하면서 데이터가 손실될 수 있습니다.
c:\users\shaun\desktop\driver_detection_ver_1\driver_detection_ver_1\main.c(117): warning C4244: '함수': 'double'에서 'int'(으)로 변환하면서 데이터가 손실될 수 있습니다.
c:\users\shaun\desktop\driver_detection_ver_1\driver_detection_ver_1\main.c(119): warning C4244: '함수': 'double'에서 'int'(으)로 변환하면서 데이터가 손실될 수 있습니다.
c:\users\shaun\desktop\driver_detection_ver_1\driver_detection_ver_1\main.c(120): warning C4244: '함수': 'double'에서 'int'(으)로 변환하면서 데이터가 손실될 수 있습니다.
c:\users\shaun\desktop\driver_detection_ver_1\driver_detection_ver_1\main.c(121): warning C4244: '함수': 'double'에서 'int'(으)로 변환하면서 데이터가 손실될 수 있습니다.
c:\users\shaun\desktop\driver_detection_ver_1\driver_detection_ver_1\main.c(122): warning C4244: '함수': 'double'에서 'int'(으)로 변환하면서 데이터가 손실될 수 있습니다.
c:\users\shaun\desktop\driver_detection_ver_1\driver_detection_ver_1\main.c(123): warning C4244: '함수': 'double'에서 'int'(으)로 변환하면서 데이터가 손실될 수 있습니다.
c:\users\shaun\desktop\driver_detection_ver_1\driver_detection_ver_1\main.c(125): warning C4244: '함수': 'double'에서 'int'(으)로 변환하면서 데이터가 손실될 수 있습니다.
c:\users\shaun\desktop\driver_detection_ver_1\driver_detection_ver_1\main.c(126): warning C4244: '함수': 'double'에서 'int'(으)로 변환하면서 데이터가 손실될 수 있습니다.
c:\users\shaun\desktop\driver_detection_ver_1\driver_detection_ver_1\main.c(128): warning C4244: '함수': 'double'에서 'int'(으)로 변환하면서 데이터가 손실될 수 있습니다.
c:\users\shaun\desktop\driver_detection_ver_1\driver_detection_ver_1\main.c(272): warning C4244: '함수': 'double'에서 'int'(으)로 변환하면서 데이터가 손실될 수 있습니다.
c:\users\shaun\desktop\driver_detection_ver_1\driver_detection_ver_1\main.c(273): warning C4244: '함수': 'double'에서 'int'(으)로 변환하면서 데이터가 손실될 수 있습니다.
c:\users\shaun\desktop\driver_detection_ver_1\driver_detection_ver_1\main.c(276): warning C4244: '함수': 'double'에서 'int'(으)로 변환하면서 데이터가 손실될 수 있습니다.
c:\users\shaun\desktop\driver_detection_ver_1\driver_detection_ver_1\main.c(277): warning C4244: '함수': 'double'에서 'int'(으)로 변환하면서 데이터가 손실될 수 있습니다.
c:\users\shaun\desktop\driver_detection_ver_1\driver_detection_ver_1\main.c(278): warning C4244: '함수': 'double'에서 'int'(으)로 변환하면서 데이터가 손실될 수 있습니다.
c:\users\shaun\desktop\driver_detection_ver_1\driver_detection_ver_1\main.c(279): warning C4244: '함수': 'double'에서 'int'(으)로 변환하면서 데이터가 손실될 수 있습니다.
c:\users\shaun\desktop\driver_detection_ver_1\driver_detection_ver_1\main.c(280): warning C4244: '함수': 'double'에서 'int'(으)로 변환하면서 데이터가 손실될 수 있습니다.
c:\users\shaun\desktop\driver_detection_ver_1\driver_detection_ver_1\main.c(281): warning C4244: '함수': 'double'에서 'int'(으)로 변환하면서 데이터가 손실될 수 있습니다.
c:\users\shaun\desktop\driver_detection_ver_1\driver_detection_ver_1\main.c(284): warning C4244: '함수': 'double'에서 'int'(으)로 변환하면서 데이터가 손실될 수 있습니다.
c:\users\shaun\desktop\driver_detection_ver_1\driver_detection_ver_1\main.c(285): warning C4244: '함수': 'double'에서 'int'(으)로 변환하면서 데이터가 손실될 수 있습니다.
c:\users\shaun\desktop\driver_detection_ver_1\driver_detection_ver_1\main.c(286): warning C4244: '함수': 'double'에서 'int'(으)로 변환하면서 데이터가 손실될 수 있습니다.
c:\users\shaun\desktop\driver_detection_ver_1\driver_detection_ver_1\main.c(287): warning C4244: '함수': 'double'에서 'int'(으)로 변환하면서 데이터가 손실될 수 있습니다.
c:\users\shaun\desktop\driver_detection_ver_1\driver_detection_ver_1\main.c(288): warning C4244: '함수': 'double'에서 'int'(으)로 변환하면서 데이터가 손실될 수 있습니다.
c:\users\shaun\desktop\driver_detection_ver_1\driver_detection_ver_1\main.c(289): warning C4244: '함수': 'double'에서 'int'(으)로 변환하면서 데이터가 손실될 수 있습니다.
c:\users\shaun\desktop\driver_detection_ver_1\driver_detection_ver_1\main.c(292): warning C4244: '함수': 'double'에서 'int'(으)로 변환하면서 데이터가 손실될 수 있습니다.
c:\users\shaun\desktop\driver_detection_ver_1\driver_detection_ver_1\main.c(293): warning C4244: '함수': 'double'에서 'int'(으)로 변환하면서 데이터가 손실될 수 있습니다.
c:\users\shaun\desktop\driver_detection_ver_1\driver_detection_ver_1\main.c(294): warning C4244: '함수': 'double'에서 'int'(으)로 변환하면서 데이터가 손실될 수 있습니다.
c:\users\shaun\desktop\driver_detection_ver_1\driver_detection_ver_1\main.c(295): warning C4244: '함수': 'double'에서 'int'(으)로 변환하면서 데이터가 손실될 수 있습니다.
c:\users\shaun\desktop\driver_detection_ver_1\driver_detection_ver_1\main.c(296): warning C4244: '함수': 'double'에서 'int'(으)로 변환하면서 데이터가 손실될 수 있습니다.
c:\users\shaun\desktop\driver_detection_ver_1\driver_detection_ver_1\main.c(297): warning C4244: '함수': 'double'에서 'int'(으)로 변환하면서 데이터가 손실될 수 있습니다.
c:\users\shaun\desktop\driver_detection_ver_1\driver_detection_ver_1\main.c(300): warning C4244: '함수': 'double'에서 'int'(으)로 변환하면서 데이터가 손실될 수 있습니다.
c:\users\shaun\desktop\driver_detection_ver_1\driver_detection_ver_1\main.c(301): warning C4244: '함수': 'double'에서 'int'(으)로 변환하면서 데이터가 손실될 수 있습니다.
c:\users\shaun\desktop\driver_detection_ver_1\driver_detection_ver_1\main.c(302): warning C4244: '함수': 'double'에서 'int'(으)로 변환하면서 데이터가 손실될 수 있습니다.
c:\users\shaun\desktop\driver_detection_ver_1\driver_detection_ver_1\main.c(303): warning C4244: '함수': 'double'에서 'int'(으)로 변환하면서 데이터가 손실될 수 있습니다.
c:\users\shaun\desktop\driver_detection_ver_1\driver_detection_ver_1\main.c(304): warning C4244: '함수': 'double'에서 'int'(으)로 변환하면서 데이터가 손실될 수 있습니다.
c:\users\shaun\desktop\driver_detection_ver_1\driver_detection_ver_1\main.c(305): warning C4244: '함수': 'double'에서 'int'(으)로 변환하면서 데이터가 손실될 수 있습니다.
c:\users\shaun\desktop\driver_detection_ver_1\driver_detection_ver_1\main.c(308): warning C4244: '함수': 'double'에서 'int'(으)로 변환하면서 데이터가 손실될 수 있습니다.
c:\users\shaun\desktop\driver_detection_ver_1\driver_detection_ver_1\main.c(309): warning C4244: '함수': 'double'에서 'int'(으)로 변환하면서 데이터가 손실될 수 있습니다.
c:\users\shaun\desktop\driver_detection_ver_1\driver_detection_ver_1\main.c(310): warning C4244: '함수': 'double'에서 'int'(으)로 변환하면서 데이터가 손실될 수 있습니다.
c:\users\shaun\desktop\driver_detection_ver_1\driver_detection_ver_1\main.c(311): warning C4244: '함수': 'double'에서 'int'(으)로 변환하면서 데이터가 손실될 수 있습니다.
c:\users\shaun\desktop\driver_detection_ver_1\driver_detection_ver_1\main.c(312): warning C4244: '함수': 'double'에서 'int'(으)로 변환하면서 데이터가 손실될 수 있습니다.
c:\users\shaun\desktop\driver_detection_ver_1\driver_detection_ver_1\main.c(313): warning C4244: '함수': 'double'에서 'int'(으)로 변환하면서 데이터가 손실될 수 있습니다.
c:\users\shaun\desktop\driver_detection_ver_1\driver_detection_ver_1\main.c(316): warning C4244: '함수': 'double'에서 'int'(으)로 변환하면서 데이터가 손실될 수 있습니다.
c:\users\shaun\desktop\driver_detection_ver_1\driver_detection_ver_1\main.c(317): warning C4244: '함수': 'double'에서 'int'(으)로 변환하면서 데이터가 손실될 수 있습니다.
c:\users\shaun\desktop\driver_detection_ver_1\driver_detection_ver_1\main.c(318): warning C4244: '함수': 'double'에서 'int'(으)로 변환하면서 데이터가 손실될 수 있습니다.
c:\users\shaun\desktop\driver_detection_ver_1\driver_detection_ver_1\main.c(319): warning C4244: '함수': 'double'에서 'int'(으)로 변환하면서 데이터가 손실될 수 있습니다.
c:\users\shaun\desktop\driver_detection_ver_1\driver_detection_ver_1\main.c(320): warning C4244: '함수': 'double'에서 'int'(으)로 변환하면서 데이터가 손실될 수 있습니다.
c:\users\shaun\desktop\driver_detection_ver_1\driver_detection_ver_1\main.c(321): warning C4244: '함수': 'double'에서 'int'(으)로 변환하면서 데이터가 손실될 수 있습니다.
c:\users\shaun\desktop\driver_detection_ver_1\driver_detection_ver_1\main.c(325): warning C4244: '함수': 'double'에서 'int'(으)로 변환하면서 데이터가 손실될 수 있습니다.
c:\users\shaun\desktop\driver_detection_ver_1\driver_detection_ver_1\main.c(326): warning C4244: '함수': 'double'에서 'int'(으)로 변환하면서 데이터가 손실될 수 있습니다.
c:\users\shaun\desktop\driver_detection_ver_1\driver_detection_ver_1\main.c(327): warning C4244: '함수': 'double'에서 'int'(으)로 변환하면서 데이터가 손실될 수 있습니다.
c:\users\shaun\desktop\driver_detection_ver_1\driver_detection_ver_1\main.c(328): warning C4244: '함수': 'double'에서 'int'(으)로 변환하면서 데이터가 손실될 수 있습니다.
c:\users\shaun\desktop\driver_detection_ver_1\driver_detection_ver_1\main.c(329): warning C4244: '함수': 'double'에서 'int'(으)로 변환하면서 데이터가 손실될 수 있습니다.
c:\users\shaun\desktop\driver_detection_ver_1\driver_detection_ver_1\main.c(330): warning C4244: '함수': 'double'에서 'int'(으)로 변환하면서 데이터가 손실될 수 있습니다.
c:\users\shaun\desktop\driver_detection_ver_1\driver_detection_ver_1\main.c(333): warning C4244: '함수': 'double'에서 'int'(으)로 변환하면서 데이터가 손실될 수 있습니다.
c:\users\shaun\desktop\driver_detection_ver_1\driver_detection_ver_1\main.c(334): warning C4244: '함수': 'double'에서 'int'(으)로 변환하면서 데이터가 손실될 수 있습니다.
c:\users\shaun\desktop\driver_detection_ver_1\driver_detection_ver_1\main.c(335): warning C4244: '함수': 'double'에서 'int'(으)로 변환하면서 데이터가 손실될 수 있습니다.
c:\users\shaun\desktop\driver_detection_ver_1\driver_detection_ver_1\main.c(336): warning C4244: '함수': 'double'에서 'int'(으)로 변환하면서 데이터가 손실될 수 있습니다.
c:\users\shaun\desktop\driver_detection_ver_1\driver_detection_ver_1\main.c(337): warning C4244: '함수': 'double'에서 'int'(으)로 변환하면서 데이터가 손실될 수 있습니다.
c:\users\shaun\desktop\driver_detection_ver_1\driver_detection_ver_1\main.c(338): warning C4244: '함수': 'double'에서 'int'(으)로 변환하면서 데이터가 손실될 수 있습니다.
c:\users\shaun\desktop\driver_detection_ver_1\driver_detection_ver_1\main.c(341): warning C4244: '함수': 'double'에서 'int'(으)로 변환하면서 데이터가 손실될 수 있습니다.
c:\users\shaun\desktop\driver_detection_ver_1\driver_detection_ver_1\main.c(342): warning C4244: '함수': 'double'에서 'int'(으)로 변환하면서 데이터가 손실될 수 있습니다.
c:\users\shaun\desktop\driver_detection_ver_1\driver_detection_ver_1\main.c(343): warning C4244: '함수': 'double'에서 'int'(으)로 변환하면서 데이터가 손실될 수 있습니다.
c:\users\shaun\desktop\driver_detection_ver_1\driver_detection_ver_1\main.c(344): warning C4244: '함수': 'double'에서 'int'(으)로 변환하면서 데이터가 손실될 수 있습니다.
c:\users\shaun\desktop\driver_detection_ver_1\driver_detection_ver_1\main.c(345): warning C4244: '함수': 'double'에서 'int'(으)로 변환하면서 데이터가 손실될 수 있습니다.
c:\users\shaun\desktop\driver_detection_ver_1\driver_detection_ver_1\main.c(346): warning C4244: '함수': 'double'에서 'int'(으)로 변환하면서 데이터가 손실될 수 있습니다.
c:\users\shaun\desktop\driver_detection_ver_1\driver_detection_ver_1\main.c(349): warning C4244: '함수': 'double'에서 'int'(으)로 변환하면서 데이터가 손실될 수 있습니다.
c:\users\shaun\desktop\driver_detection_ver_1\driver_detection_ver_1\main.c(350): warning C4244: '함수': 'double'에서 'int'(으)로 변환하면서 데이터가 손실될 수 있습니다.
c:\users\shaun\desktop\driver_detection_ver_1\driver_detection_ver_1\main.c(351): warning C4244: '함수': 'double'에서 'int'(으)로 변환하면서 데이터가 손실될 수 있습니다.
c:\users\shaun\desktop\driver_detection_ver_1\driver_detection_ver_1\main.c(352): warning C4244: '함수': 'double'에서 'int'(으)로 변환하면서 데이터가 손실될 수 있습니다.
c:\users\shaun\desktop\driver_detection_ver_1\driver_detection_ver_1\main.c(353): warning C4244: '함수': 'double'에서 'int'(으)로 변환하면서 데이터가 손실될 수 있습니다.
c:\users\shaun\desktop\driver_detection_ver_1\driver_detection_ver_1\main.c(354): warning C4244: '함수': 'double'에서 'int'(으)로 변환하면서 데이터가 손실될 수 있습니다.
c:\users\shaun\desktop\driver_detection_ver_1\driver_detection_ver_1\main.c(357): warning C4244: '함수': 'double'에서 'int'(으)로 변환하면서 데이터가 손실될 수 있습니다.
c:\users\shaun\desktop\driver_detection_ver_1\driver_detection_ver_1\main.c(358): warning C4244: '함수': 'double'에서 'int'(으)로 변환하면서 데이터가 손실될 수 있습니다.
c:\users\shaun\desktop\driver_detection_ver_1\driver_detection_ver_1\main.c(359): warning C4244: '함수': 'double'에서 'int'(으)로 변환하면서 데이터가 손실될 수 있습니다.
c:\users\shaun\desktop\driver_detection_ver_1\driver_detection_ver_1\main.c(360): warning C4244: '함수': 'double'에서 'int'(으)로 변환하면서 데이터가 손실될 수 있습니다.
c:\users\shaun\desktop\driver_detection_ver_1\driver_detection_ver_1\main.c(361): warning C4244: '함수': 'double'에서 'int'(으)로 변환하면서 데이터가 손실될 수 있습니다.
c:\users\shaun\desktop\driver_detection_ver_1\driver_detection_ver_1\main.c(362): warning C4244: '함수': 'double'에서 'int'(으)로 변환하면서 데이터가 손실될 수 있습니다.
c:\users\shaun\desktop\driver_detection_ver_1\driver_detection_ver_1\main.c(365): warning C4244: '함수': 'double'에서 'int'(으)로 변환하면서 데이터가 손실될 수 있습니다.
c:\users\shaun\desktop\driver_detection_ver_1\driver_detection_ver_1\main.c(366): warning C4244: '함수': 'double'에서 'int'(으)로 변환하면서 데이터가 손실될 수 있습니다.
c:\users\shaun\desktop\driver_detection_ver_1\driver_detection_ver_1\main.c(367): warning C4244: '함수': 'double'에서 'int'(으)로 변환하면서 데이터가 손실될 수 있습니다.
c:\users\shaun\desktop\driver_detection_ver_1\driver_detection_ver_1\main.c(368): warning C4244: '함수': 'double'에서 'int'(으)로 변환하면서 데이터가 손실될 수 있습니다.
c:\users\shaun\desktop\driver_detection_ver_1\driver_detection_ver_1\main.c(369): warning C4244: '함수': 'double'에서 'int'(으)로 변환하면서 데이터가 손실될 수 있습니다.
c:\users\shaun\desktop\driver_detection_ver_1\driver_detection_ver_1\main.c(370): warning C4244: '함수': 'double'에서 'int'(으)로 변환하면서 데이터가 손실될 수 있습니다.
c:\users\shaun\desktop\driver_detection_ver_1\driver_detection_ver_1\main.c(373): warning C4244: '함수': 'double'에서 'int'(으)로 변환하면서 데이터가 손실될 수 있습니다.
c:\users\shaun\desktop\driver_detection_ver_1\driver_detection_ver_1\main.c(374): warning C4244: '함수': 'double'에서 'int'(으)로 변환하면서 데이터가 손실될 수 있습니다.
c:\users\shaun\desktop\driver_detection_ver_1\driver_detection_ver_1\main.c(375): warning C4244: '함수': 'double'에서 'int'(으)로 변환하면서 데이터가 손실될 수 있습니다.
c:\users\shaun\desktop\driver_detection_ver_1\driver_detection_ver_1\main.c(376): warning C4244: '함수': 'double'에서 'int'(으)로 변환하면서 데이터가 손실될 수 있습니다.
c:\users\shaun\desktop\driver_detection_ver_1\driver_detection_ver_1\main.c(377): warning C4244: '함수': 'double'에서 'int'(으)로 변환하면서 데이터가 손실될 수 있습니다.
c:\users\shaun\desktop\driver_detection_ver_1\driver_detection_ver_1\main.c(378): warning C4244: '함수': 'double'에서 'int'(으)로 변환하면서 데이터가 손실될 수 있습니다.
c:\users\shaun\desktop\driver_detection_ver_1\driver_detection_ver_1\main.c(381): warning C4244: '함수': 'double'에서 'int'(으)로 변환하면서 데이터가 손실될 수 있습니다.
c:\users\shaun\desktop\driver_detection_ver_1\driver_detection_ver_1\main.c(384): warning C4244: '함수': 'double'에서 'int'(으)로 변환하면서 데이터가 손실될 수 있습니다.
c:\users\shaun\desktop\driver_detection_ver_1\driver_detection_ver_1\main.c(402): warning C4244: '함수': 'double'에서 'int'(으)로 변환하면서 데이터가 손실될 수 있습니다.
c:\users\shaun\desktop\driver_detection_ver_1\driver_detection_ver_1\main.c(403): warning C4244: '함수': 'double'에서 'int'(으)로 변환하면서 데이터가 손실될 수 있습니다.
c:\users\shaun\desktop\driver_detection_ver_1\driver_detection_ver_1\main.c(405): warning C4244: '함수': 'double'에서 'int'(으)로 변환하면서 데이터가 손실될 수 있습니다.
c:\users\shaun\desktop\driver_detection_ver_1\driver_detection_ver_1\main.c(406): warning C4244: '함수': 'double'에서 'int'(으)로 변환하면서 데이터가 손실될 수 있습니다.
c:\users\shaun\desktop\driver_detection_ver_1\driver_detection_ver_1\main.c(407): warning C4244: '함수': 'double'에서 'int'(으)로 변환하면서 데이터가 손실될 수 있습니다.
c:\users\shaun\desktop\driver_detection_ver_1\driver_detection_ver_1\main.c(408): warning C4244: '함수': 'double'에서 'int'(으)로 변환하면서 데이터가 손실될 수 있습니다.
c:\users\shaun\desktop\driver_detection_ver_1\driver_detection_ver_1\main.c(409): warning C4244: '함수': 'double'에서 'int'(으)로 변환하면서 데이터가 손실될 수 있습니다.
c:\users\shaun\desktop\driver_detection_ver_1\driver_detection_ver_1\main.c(410): warning C4244: '함수': 'double'에서 'int'(으)로 변환하면서 데이터가 손실될 수 있습니다.
c:\users\shaun\desktop\driver_detection_ver_1\driver_detection_ver_1\main.c(411): warning C4244: '함수': 'double'에서 'int'(으)로 변환하면서 데이터가 손실될 수 있습니다.
c:\users\shaun\desktop\driver_detection_ver_1\driver_detection_ver_1\main.c(412): warning C4244: '함수': 'double'에서 'int'(으)로 변환하면서 데이터가 손실될 수 있습니다.
c:\users\shaun\desktop\driver_detection_ver_1\driver_detection_ver_1\main.c(413): warning C4244: '함수': 'double'에서 'int'(으)로 변환하면서 데이터가 손실될 수 있습니다.
c:\users\shaun\desktop\driver_detection_ver_1\driver_detection_ver_1\main.c(414): warning C4244: '함수': 'double'에서 'int'(으)로 변환하면서 데이터가 손실될 수 있습니다.
c:\users\shaun\desktop\driver_detection_ver_1\driver_detection_ver_1\main.c(415): warning C4244: '함수': 'double'에서 'int'(으)로 변환하면서 데이터가 손실될 수 있습니다.
c:\users\shaun\desktop\driver_detection_ver_1\driver_detection_ver_1\main.c(416): warning C4244: '함수': 'double'에서 'int'(으)로 변환하면서 데이터가 손실될 수 있습니다.
c:\users\shaun\desktop\driver_detection_ver_1\driver_detection_ver_1\main.c(417): warning C4244: '함수': 'double'에서 'int'(으)로 변환하면서 데이터가 손실될 수 있습니다.
c:\users\shaun\desktop\driver_detection_ver_1\driver_detection_ver_1\main.c(418): warning C4244: '함수': 'double'에서 'int'(으)로 변환하면서 데이터가 손실될 수 있습니다.
c:\users\shaun\desktop\driver_detection_ver_1\driver_detection_ver_1\main.c(420): warning C4244: '함수': 'double'에서 'int'(으)로 변환하면서 데이터가 손실될 수 있습니다.
c:\users\shaun\desktop\driver_detection_ver_1\driver_detection_ver_1\main.c(421): warning C4244: '함수': 'double'에서 'int'(으)로 변환하면서 데이터가 손실될 수 있습니다.
c:\users\shaun\desktop\driver_detection_ver_1\driver_detection_ver_1\main.c(422): warning C4244: '함수': 'double'에서 'int'(으)로 변환하면서 데이터가 손실될 수 있습니다.
c:\users\shaun\desktop\driver_detection_ver_1\driver_detection_ver_1\main.c(423): warning C4244: '함수': 'double'에서 'int'(으)로 변환하면서 데이터가 손실될 수 있습니다.
c:\users\shaun\desktop\driver_detection_ver_1\driver_detection_ver_1\main.c(424): warning C4244: '함수': 'double'에서 'int'(으)로 변환하면서 데이터가 손실될 수 있습니다.
c:\users\shaun\desktop\driver_detection_ver_1\driver_detection_ver_1\main.c(425): warning C4244: '함수': 'double'에서 'int'(으)로 변환하면서 데이터가 손실될 수 있습니다.
c:\users\shaun\desktop\driver_detection_ver_1\driver_detection_ver_1\main.c(426): warning C4244: '함수': 'double'에서 'int'(으)로 변환하면서 데이터가 손실될 수 있습니다.
c:\users\shaun\desktop\driver_detection_ver_1\driver_detection_ver_1\main.c(427): warning C4244: '함수': 'double'에서 'int'(으)로 변환하면서 데이터가 손실될 수 있습니다.
c:\users\shaun\desktop\driver_detection_ver_1\driver_detection_ver_1\main.c(428): warning C4244: '함수': 'double'에서 'int'(으)로 변환하면서 데이터가 손실될 수 있습니다.
c:\users\shaun\desktop\driver_detection_ver_1\driver_detection_ver_1\main.c(429): warning C4244: '함수': 'double'에서 'int'(으)로 변환하면서 데이터가 손실될 수 있습니다.
c:\users\shaun\desktop\driver_detection_ver_1\driver_detection_ver_1\main.c(430): warning C4244: '함수': 'double'에서 'int'(으)로 변환하면서 데이터가 손실될 수 있습니다.
c:\users\shaun\desktop\driver_detection_ver_1\driver_detection_ver_1\main.c(431): warning C4244: '함수': 'double'에서 'int'(으)로 변환하면서 데이터가 손실될 수 있습니다.
c:\users\shaun\desktop\driver_detection_ver_1\driver_detection_ver_1\main.c(432): warning C4244: '함수': 'double'에서 'int'(으)로 변환하면서 데이터가 손실될 수 있습니다.
c:\users\shaun\desktop\driver_detection_ver_1\driver_detection_ver_1\main.c(434): warning C4244: '함수': 'double'에서 'int'(으)로 변환하면서 데이터가 손실될 수 있습니다.
c:\users\shaun\desktop\driver_detection_ver_1\driver_detection_ver_1\main.c(133): warning C4101: 'cCharName_TEMP' :참조되지 않은 지역 변수입니다.
c:\users\shaun\desktop\driver_detection_ver_1\driver_detection_ver_1\main.c(595): warning C4098: 'funcFree_Uni_Arr': 'void' 함수에서 값을 반환하고 있습니다.
c:\users\shaun\desktop\driver_detection_ver_1\driver_detection_ver_1\main.c(608): warning C4098: 'funcFree_Du_Arr': 'void' 함수에서 값을 반환하고 있습니다.
c:\users\shaun\desktop\driver_detection_ver_1\driver_detection_ver_1\main.c(625): warning C4098: 'funcFree_Tri_Arr': 'void' 함수에서 값을 반환하고 있습니다.
c:\users\shaun\desktop\driver_detection_ver_1\driver_detection_ver_1\main.c(645): warning C4098: 'funcFree_Quadri_Arr': 'void' 함수에서 값을 반환하고 있습니다.
c:\users\shaun\desktop\driver_detection_ver_1\driver_detection_ver_1\main.c(652): warning C4047: '함수': 'const char *'의 간접 참조 수준이 'const char **'과(와) 다릅니다.
c:\users\shaun\desktop\driver_detection_ver_1\driver_detection_ver_1\main.c(652): warning C4024: 'fopen': 형식 및 실제 매개 변수 1의 형식이 서로 다릅니다.
c:\users\shaun\desktop\driver_detection_ver_1\driver_detection_ver_1\main.c(675): warning C4098: 'funcLoad_Weight_2D': 'void' 함수에서 값을 반환하고 있습니다.
c:\users\shaun\desktop\driver_detection_ver_1\driver_detection_ver_1\main.c(655): warning C4477: 'printf' : 서식 문자열 '%s'에 'char *' 형식의 인수가 필요하지만 variadic 인수 1의 형식이 'const char **'입니다.
c:\users\shaun\desktop\driver_detection_ver_1\driver_detection_ver_1\main.c(681): warning C4047: '함수': 'const char *'의 간접 참조 수준이 'const char **'과(와) 다릅니다.
c:\users\shaun\desktop\driver_detection_ver_1\driver_detection_ver_1\main.c(681): warning C4024: 'fopen': 형식 및 실제 매개 변수 1의 형식이 서로 다릅니다.
c:\users\shaun\desktop\driver_detection_ver_1\driver_detection_ver_1\main.c(707): warning C4098: 'funcLoad_Weight_3D': 'void' 함수에서 값을 반환하고 있습니다.
c:\users\shaun\desktop\driver_detection_ver_1\driver_detection_ver_1\main.c(684): warning C4477: 'printf' : 서식 문자열 '%s'에 'char *' 형식의 인수가 필요하지만 variadic 인수 1의 형식이 'const char **'입니다.
c:\users\shaun\desktop\driver_detection_ver_1\driver_detection_ver_1\main.c(718): warning C4215: 비표준 확장이 사용됨: long float입니다.
c:\users\shaun\desktop\driver_detection_ver_1\driver_detection_ver_1\main.c(737): warning C4244: '=': 'double'에서 'float'(으)로 변환하면서 데이터가 손실될 수 있습니다.
c:\users\shaun\desktop\driver_detection_ver_1\driver_detection_ver_1\main.c(745): warning C4244: '=': 'double'에서 'float'(으)로 변환하면서 데이터가 손실될 수 있습니다.
c:\users\shaun\desktop\driver_detection_ver_1\driver_detection_ver_1\main.c(754): warning C4244: '=': 'double'에서 'float'(으)로 변환하면서 데이터가 손실될 수 있습니다.
c:\users\shaun\desktop\driver_detection_ver_1\driver_detection_ver_1\main.c(765): warning C4244: '=': 'double'에서 'float'(으)로 변환하면서 데이터가 손실될 수 있습니다.
c:\users\shaun\desktop\driver_detection_ver_1\driver_detection_ver_1\main.c(774): warning C4244: '=': 'double'에서 'float'(으)로 변환하면서 데이터가 손실될 수 있습니다.
c:\users\shaun\desktop\driver_detection_ver_1\driver_detection_ver_1\main.c(784): warning C4244: '=': 'double'에서 'float'(으)로 변환하면서 데이터가 손실될 수 있습니다.
c:\users\shaun\desktop\driver_detection_ver_1\driver_detection_ver_1\main.c(796): warning C4244: '=': 'double'에서 'float'(으)로 변환하면서 데이터가 손실될 수 있습니다.
c:\users\shaun\desktop\driver_detection_ver_1\driver_detection_ver_1\main.c(806): warning C4244: '=': 'double'에서 'float'(으)로 변환하면서 데이터가 손실될 수 있습니다.
c:\users\shaun\desktop\driver_detection_ver_1\driver_detection_ver_1\main.c(818): warning C4244: '=': 'double'에서 'float'(으)로 변환하면서 데이터가 손실될 수 있습니다.
c:\users\shaun\desktop\driver_detection_ver_1\driver_detection_ver_1\main.c(847): warning C4244: '=': 'double'에서 'float'(으)로 변환하면서 데이터가 손실될 수 있습니다.
c:\users\shaun\desktop\driver_detection_ver_1\driver_detection_ver_1\main.c(855): warning C4244: '=': 'double'에서 'float'(으)로 변환하면서 데이터가 손실될 수 있습니다.
c:\users\shaun\desktop\driver_detection_ver_1\driver_detection_ver_1\main.c(864): warning C4244: '=': 'double'에서 'float'(으)로 변환하면서 데이터가 손실될 수 있습니다.
c:\users\shaun\desktop\driver_detection_ver_1\driver_detection_ver_1\main.c(875): warning C4244: '=': 'double'에서 'float'(으)로 변환하면서 데이터가 손실될 수 있습니다.
c:\users\shaun\desktop\driver_detection_ver_1\driver_detection_ver_1\main.c(884): warning C4244: '=': 'double'에서 'float'(으)로 변환하면서 데이터가 손실될 수 있습니다.
c:\users\shaun\desktop\driver_detection_ver_1\driver_detection_ver_1\main.c(894): warning C4244: '=': 'double'에서 'float'(으)로 변환하면서 데이터가 손실될 수 있습니다.
c:\users\shaun\desktop\driver_detection_ver_1\driver_detection_ver_1\main.c(906): warning C4244: '=': 'double'에서 'float'(으)로 변환하면서 데이터가 손실될 수 있습니다.
c:\users\shaun\desktop\driver_detection_ver_1\driver_detection_ver_1\main.c(916): warning C4244: '=': 'double'에서 'float'(으)로 변환하면서 데이터가 손실될 수 있습니다.
c:\users\shaun\desktop\driver_detection_ver_1\driver_detection_ver_1\main.c(928): warning C4244: '=': 'double'에서 'float'(으)로 변환하면서 데이터가 손실될 수 있습니다.
c:\users\shaun\desktop\driver_detection_ver_1\driver_detection_ver_1\main.c(950): warning C4098: 'funcConv_Operation': 'void' 함수에서 값을 반환하고 있습니다.
c:\users\shaun\desktop\driver_detection_ver_1\driver_detection_ver_1\main.c(958): warning C4215: 비표준 확장이 사용됨: long float입니다.
c:\users\shaun\desktop\driver_detection_ver_1\driver_detection_ver_1\main.c(977): warning C4244: '=': 'double'에서 'float'(으)로 변환하면서 데이터가 손실될 수 있습니다.
c:\users\shaun\desktop\driver_detection_ver_1\driver_detection_ver_1\main.c(985): warning C4244: '=': 'double'에서 'float'(으)로 변환하면서 데이터가 손실될 수 있습니다.
c:\users\shaun\desktop\driver_detection_ver_1\driver_detection_ver_1\main.c(994): warning C4244: '=': 'double'에서 'float'(으)로 변환하면서 데이터가 손실될 수 있습니다.
c:\users\shaun\desktop\driver_detection_ver_1\driver_detection_ver_1\main.c(1005): warning C4244: '=': 'double'에서 'float'(으)로 변환하면서 데이터가 손실될 수 있습니다.
c:\users\shaun\desktop\driver_detection_ver_1\driver_detection_ver_1\main.c(1014): warning C4244: '=': 'double'에서 'float'(으)로 변환하면서 데이터가 손실될 수 있습니다.
c:\users\shaun\desktop\driver_detection_ver_1\driver_detection_ver_1\main.c(1024): warning C4244: '=': 'double'에서 'float'(으)로 변환하면서 데이터가 손실될 수 있습니다.
c:\users\shaun\desktop\driver_detection_ver_1\driver_detection_ver_1\main.c(1036): warning C4244: '=': 'double'에서 'float'(으)로 변환하면서 데이터가 손실될 수 있습니다.
c:\users\shaun\desktop\driver_detection_ver_1\driver_detection_ver_1\main.c(1046): warning C4244: '=': 'double'에서 'float'(으)로 변환하면서 데이터가 손실될 수 있습니다.
c:\users\shaun\desktop\driver_detection_ver_1\driver_detection_ver_1\main.c(1058): warning C4244: '=': 'double'에서 'float'(으)로 변환하면서 데이터가 손실될 수 있습니다.
c:\users\shaun\desktop\driver_detection_ver_1\driver_detection_ver_1\main.c(1087): warning C4244: '=': 'double'에서 'float'(으)로 변환하면서 데이터가 손실될 수 있습니다.
c:\users\shaun\desktop\driver_detection_ver_1\driver_detection_ver_1\main.c(1095): warning C4244: '=': 'double'에서 'float'(으)로 변환하면서 데이터가 손실될 수 있습니다.
c:\users\shaun\desktop\driver_detection_ver_1\driver_detection_ver_1\main.c(1104): warning C4244: '=': 'double'에서 'float'(으)로 변환하면서 데이터가 손실될 수 있습니다.
c:\users\shaun\desktop\driver_detection_ver_1\driver_detection_ver_1\main.c(1115): warning C4244: '=': 'double'에서 'float'(으)로 변환하면서 데이터가 손실될 수 있습니다.
c:\users\shaun\desktop\driver_detection_ver_1\driver_detection_ver_1\main.c(1124): warning C4244: '=': 'double'에서 'float'(으)로 변환하면서 데이터가 손실될 수 있습니다.
c:\users\shaun\desktop\driver_detection_ver_1\driver_detection_ver_1\main.c(1134): warning C4244: '=': 'double'에서 'float'(으)로 변환하면서 데이터가 손실될 수 있습니다.
c:\users\shaun\desktop\driver_detection_ver_1\driver_detection_ver_1\main.c(1146): warning C4244: '=': 'double'에서 'float'(으)로 변환하면서 데이터가 손실될 수 있습니다.
c:\users\shaun\desktop\driver_detection_ver_1\driver_detection_ver_1\main.c(1156): warning C4244: '=': 'double'에서 'float'(으)로 변환하면서 데이터가 손실될 수 있습니다.
c:\users\shaun\desktop\driver_detection_ver_1\driver_detection_ver_1\main.c(1168): warning C4244: '=': 'double'에서 'float'(으)로 변환하면서 데이터가 손실될 수 있습니다.
c:\users\shaun\desktop\driver_detection_ver_1\driver_detection_ver_1\main.c(1188): warning C4098: 'funcDepth_Operation': 'void' 함수에서 값을 반환하고 있습니다.
c:\users\shaun\desktop\driver_detection_ver_1\driver_detection_ver_1\main.c(1197): warning C4215: 비표준 확장이 사용됨: long float입니다.
c:\users\shaun\desktop\driver_detection_ver_1\driver_detection_ver_1\main.c(1206): warning C4244: '=': 'double'에서 'float'(으)로 변환하면서 데이터가 손실될 수 있습니다.
c:\users\shaun\desktop\driver_detection_ver_1\driver_detection_ver_1\main.c(1221): warning C4098: 'fincPoint_Operation': 'void' 함수에서 값을 반환하고 있습니다.
c:\users\shaun\desktop\driver_detection_ver_1\driver_detection_ver_1\main.c(1234): warning C4215: 비표준 확장이 사용됨: long float입니다.
c:\users\shaun\desktop\driver_detection_ver_1\driver_detection_ver_1\main.c(1249): warning C4244: '=': 'double'에서 'float'(으)로 변환하면서 데이터가 손실될 수 있습니다.
c:\users\shaun\desktop\driver_detection_ver_1\driver_detection_ver_1\main.c(1256): warning C4244: '함수': 'float'에서 'int'(으)로 변환하면서 데이터가 손실될 수 있습니다.
c:\users\shaun\desktop\driver_detection_ver_1\driver_detection_ver_1\main.c(1260): warning C4244: '=': 'double'에서 'float'(으)로 변환하면서 데이터가 손실될 수 있습니다.
c:\users\shaun\desktop\driver_detection_ver_1\driver_detection_ver_1\main.c(1272): warning C4244: '=': 'double'에서 'float'(으)로 변환하면서 데이터가 손실될 수 있습니다.
c:\users\shaun\desktop\driver_detection_ver_1\driver_detection_ver_1\main.c(1283): warning C4244: '=': 'double'에서 'float'(으)로 변환하면서 데이터가 손실될 수 있습니다.
c:\users\shaun\desktop\driver_detection_ver_1\driver_detection_ver_1\main.c(1296): warning C4244: '=': 'double'에서 'float'(으)로 변환하면서 데이터가 손실될 수 있습니다.
c:\users\shaun\desktop\driver_detection_ver_1\driver_detection_ver_1\main.c(1307): warning C4244: '=': 'double'에서 'float'(으)로 변환하면서 데이터가 손실될 수 있습니다.
c:\users\shaun\desktop\driver_detection_ver_1\driver_detection_ver_1\main.c(1314): warning C4098: 'funcBatch_Operation': 'void' 함수에서 값을 반환하고 있습니다.
c:\users\shaun\desktop\driver_detection_ver_1\driver_detection_ver_1\main.c(1327): warning C4244: '=': 'double'에서 'float'(으)로 변환하면서 데이터가 손실될 수 있습니다.
c:\users\shaun\desktop\driver_detection_ver_1\driver_detection_ver_1\main.c(1331): warning C4098: 'funcReLU_Operation': 'void' 함수에서 값을 반환하고 있습니다.
c:\users\shaun\desktop\driver_detection_ver_1\driver_detection_ver_1\main.c(1342): warning C4215: 비표준 확장이 사용됨: long float입니다.
c:\users\shaun\desktop\driver_detection_ver_1\driver_detection_ver_1\main.c(1351): warning C4244: '=': 'double'에서 'float'(으)로 변환하면서 데이터가 손실될 수 있습니다.
c:\users\shaun\desktop\driver_detection_ver_1\driver_detection_ver_1\main.c(1355): warning C4098: 'funcPool_Average_Operation': 'void' 함수에서 값을 반환하고 있습니다.
c:\users\shaun\desktop\driver_detection_ver_1\driver_detection_ver_1\main.c(1378): warning C4002: 'max' 매크로의 실제 매개 변수가 너무 많습니다.
c:\users\shaun\desktop\driver_detection_ver_1\driver_detection_ver_1\main.c(1382): warning C4098: 'funcPool_Maximum_Operation': 'void' 함수에서 값을 반환하고 있습니다.
c:\users\shaun\desktop\driver_detection_ver_1\driver_detection_ver_1\main.c(1398): warning C4244: '=': 'double'에서 'float'(으)로 변환하면서 데이터가 손실될 수 있습니다.
c:\users\shaun\desktop\driver_detection_ver_1\driver_detection_ver_1\main.c(1403): warning C4098: 'funcFullyConnected_Operation': 'void' 함수에서 값을 반환하고 있습니다.
c:\users\shaun\desktop\driver_detection_ver_1\driver_detection_ver_1\main.c(1455): warning C4047: '=': 'unsigned char'의 간접 참조 수준이 'BYTE *'과(와) 다릅니다.
c:\users\shaun\desktop\driver_detection_ver_1\driver_detection_ver_1\main.c(1456): warning C4047: '=': 'unsigned char'의 간접 참조 수준이 'BYTE *'과(와) 다릅니다.
c:\users\shaun\desktop\driver_detection_ver_1\driver_detection_ver_1\main.c(1457): warning C4047: '=': 'unsigned char'의 간접 참조 수준이 'BYTE *'과(와) 다릅니다.
  TEMP.c
  코드를 생성하고 있습니다...
  Driver_Detection_ver_1.vcxproj -> C:\Users\SHAUN\Desktop\Driver_Detection_ver_1\Debug\Driver_Detection_ver_1.exe
  Driver_Detection_ver_1.vcxproj -> C:\Users\SHAUN\Desktop\Driver_Detection_ver_1\Debug\Driver_Detection_ver_1.pdb (Partial PDB)
